14:06:13.865 INFO [GridLauncherV3.parse] - Selenium server version: 3.141.59, revision: e82be7d358
14:06:13.968 INFO [GridLauncherV3.lambda$buildLaunchers$3] - Launching a standalone Selenium Server on port 4444
2019-08-08 14:06:14.060:INFO::main: Logging initialized @555ms to org.seleniumhq.jetty9.util.log.StdErrLog
14:06:14.404 INFO [WebDriverServlet.<init>] - Initialising WebDriverServlet
14:06:14.570 INFO [SeleniumServer.boot] - Selenium Server is up and running on port 4444
14:06:15.652 INFO [ActiveSessionFactory.apply] - Capabilities are: {
  "acceptSslCerts": true,
  "browserName": "edge",
  "chromeOptions": {
    "w3c": false,
    "args": [
    ]
  },
  "name": "Login Test With Section"
}
14:06:15.654 INFO [ActiveSessionFactory.lambda$apply$11] - Matched factory org.openqa.selenium.grid.session.remote.ServicedSession$Factory (provider: org.openqa.selenium.chrome.ChromeDriverService)
Starting ChromeDriver 76.0.3809.68 (420c9498db8ce8fcd190a954d51297672c1515d5-refs/branch-heads/3809@{#864}) on port 8073
Only local connections are allowed.
Please protect ports used by ChromeDriver and related test frameworks to prevent access by malicious code.
14:06:22.823 INFO [ProtocolHandshake.createSession] - Detected dialect: OSS
14:06:25.462 INFO [RemoteSession$Factory.lambda$performHandshake$0] - Started new session 396121ce4a3ae70bbfcc24b0d9810497 (org.openqa.selenium.chrome.ChromeDriverService)
14:06:35.483 INFO [ActiveSessions$1.onStop] - Removing session 396121ce4a3ae70bbfcc24b0d9810497 (org.openqa.selenium.chrome.ChromeDriverService)
